<?xml version="1.0" encoding="UTF-8"?>
<!-- Generated by org.testng.reporters.JUnitReportReporter -->
<testsuite hostname="HpLaptop" failures="0" tests="5" name="TestRunner.Run" time="131.859" errors="0" timestamp="2024-11-16T12:31:38 IST" skipped="0">
  <testcase classname="TestRunner.Run" name="runScenario" time="27.678"/>
  <testcase classname="TestRunner.Run" name="runScenario" time="22.986"/>
  <testcase classname="TestRunner.Run" name="runScenario" time="18.152"/>
  <testcase classname="TestRunner.Run" name="runScenario" time="37.945"/>
  <testcase classname="TestRunner.Run" name="runScenario" time="25.098"/>
</testsuite> <!-- TestRunner.Run -->
