<?xml version="1.0" encoding="UTF-8"?>
<!-- Generated by org.testng.reporters.JUnitReportReporter -->
<testsuite hostname="HpLaptop" failures="0" tests="5" name="TestRunner.Run" time="345.099" errors="0" timestamp="2024-11-16T19:12:12 IST" skipped="0">
  <testcase classname="TestRunner.Run" name="runScenario" time="210.680"/>
  <testcase classname="TestRunner.Run" name="runScenario" time="17.008"/>
  <testcase classname="TestRunner.Run" name="runScenario" time="45.320"/>
  <testcase classname="TestRunner.Run" name="runScenario" time="41.927"/>
  <testcase classname="TestRunner.Run" name="runScenario" time="30.164"/>
</testsuite> <!-- TestRunner.Run -->
